<?xml version='1.0' encoding='UTF-8'?>
<testsuite hostname="DESKTOP-SRQ0O2B" name="org.myapp.MySimpleTest" tests="1" errors="0" failures="0" skipped="0" time="0.038" timestamp="2021-04-01T16:57:53">
                     <properties>
[...]
</properties>
                     <testcase classname="org.myapp.MySimpleTest" name="foo is OK" time="0.038">
                                                 
                                               </testcase>
                     <system-out><![CDATA[]]></system-out>
                     <system-err><![CDATA[]]></system-err>
                   </testsuite>