<?xml version='1.0' encoding='UTF-8'?>
<testsuite hostname="margarita-HP-Pavilion-Laptop-15-cs0xxx" name="org.myapp.MySimpleTest" tests="1" errors="0" failures="0" skipped="0" time="0.022" timestamp="2021-04-07T20:21:54">
                     <properties>
[...]
</properties>
                     <testcase classname="org.myapp.MySimpleTest" name="foo is OK" time="0.022">
                                                 
                                               </testcase>
                     <system-out><![CDATA[]]></system-out>
                     <system-err><![CDATA[]]></system-err>
                   </testsuite>